model/build/intermediates/manifest_merge_blame_file/debug/manifest-merger-blame-debug-report.txt
1<?xml version="1.0" encoding="utf-8"?>
2<manifest xmlns:android="http://schemas.android.com/apk/res/android"
3    package="org.andresoviedo.dddmodel2"
4    android:versionCode="23"
5    android:versionName="2.7.0" >
6
7    <uses-sdk
7-->src\main\AndroidManifest.xml:8:5-10:82
8        android:minSdkVersion="14"
8-->src\main\AndroidManifest.xml:8:5-10:82
9        android:targetSdkVersion="28" />
9-->src\main\AndroidManifest.xml:9:9-38
10
11    <uses-feature
11-->src\main\AndroidManifest.xml:12:5-14:35
12        android:glEsVersion="0x00020000"
12-->src\main\AndroidManifest.xml:13:9-41
13        android:required="true" />
13-->src\main\AndroidManifest.xml:14:9-32
14
15    <uses-permission android:name="android.permission.READ_EXTERNAL_STORAGE" />
15-->src\main\AndroidManifest.xml:16:5-79
15-->src\main\AndroidManifest.xml:16:22-77
16    <uses-permission android:name="android.permission.INTERNET" />
16-->src\main\AndroidManifest.xml:17:5-67
16-->src\main\AndroidManifest.xml:17:22-64
17
18    <application
18-->src\main\AndroidManifest.xml:19:5-53:19
19        android:allowBackup="true"
19-->src\main\AndroidManifest.xml:20:9-35
20        android:appComponentFactory="androidx.core.app.CoreComponentFactory"
20-->[androidx.core:core:1.0.0] AndroidManifest.xml:22:18-86
21        android:debuggable="true"
22        android:icon="@drawable/ic_launcher"
22-->src\main\AndroidManifest.xml:21:9-45
23        android:label="@string/app_name"
23-->src\main\AndroidManifest.xml:22:9-41
24        android:theme="@style/AppTheme" >
24-->src\main\AndroidManifest.xml:23:9-40
25        <meta-data
25-->src\main\AndroidManifest.xml:24:9-26:42
26            android:name="com.naver.maps.map.bh6dihbaf3"
26-->src\main\AndroidManifest.xml:25:13-57
27            android:value="bh6dihbaf3" />
27-->src\main\AndroidManifest.xml:26:13-39
28
29        <activity
29-->src\main\AndroidManifest.xml:27:9-35:20
30            android:name="org.andresoviedo.app.model3D.MainActivity"
30-->src\main\AndroidManifest.xml:28:13-69
31            android:label="@string/app_name" >
31-->src\main\AndroidManifest.xml:29:13-45
32            <intent-filter>
32-->src\main\AndroidManifest.xml:30:13-34:29
33                <action android:name="android.intent.action.MAIN" />
33-->src\main\AndroidManifest.xml:31:17-69
33-->src\main\AndroidManifest.xml:31:25-66
34
35                <category android:name="android.intent.category.LAUNCHER" />
35-->src\main\AndroidManifest.xml:33:17-77
35-->src\main\AndroidManifest.xml:33:27-74
36            </intent-filter>
37        </activity>
38        <activity
38-->src\main\AndroidManifest.xml:36:9-40:20
39            android:name="org.andresoviedo.app.model3D.view.MenuActivity"
39-->src\main\AndroidManifest.xml:37:13-74
40            android:label="@string/title_activity_menu"
40-->src\main\AndroidManifest.xml:38:13-56
41            android:parentActivityName="org.andresoviedo.app.model3D.MainActivity" >
41-->src\main\AndroidManifest.xml:39:13-83
42        </activity>
43        <activity
43-->src\main\AndroidManifest.xml:41:9-45:20
44            android:name="org.andresoviedo.util.view.TextActivity"
44-->src\main\AndroidManifest.xml:42:13-67
45            android:label="@string/title_activity_text"
45-->src\main\AndroidManifest.xml:43:13-56
46            android:parentActivityName="org.andresoviedo.app.model3D.MainActivity" >
46-->src\main\AndroidManifest.xml:44:13-83
47        </activity>
48        <activity
48-->src\main\AndroidManifest.xml:46:9-52:20
49            android:name="org.andresoviedo.app.model3D.view.ModelActivity"
49-->src\main\AndroidManifest.xml:47:13-75
50            android:label="@string/title_activity_model"
50-->src\main\AndroidManifest.xml:48:13-57
51            android:parentActivityName="org.andresoviedo.app.model3D.MainActivity" >
51-->src\main\AndroidManifest.xml:49:13-83
52
53            <!-- android:theme="@android:style/Theme.Black.NoTitleBar.Fullscreen" -->
54        </activity>
55    </application>
56
57</manifest>